
binarios/proyecto.elf:     file format elf32-littlearm


Disassembly of section .text.code:

10000000 <reset>:
10000000:	4907      	ldr	r1, [pc, #28]	; (10000020 <lazo+0x12>)
10000002:	4808      	ldr	r0, [pc, #32]	; (10000024 <lazo+0x16>)
10000004:	6008      	str	r0, [r1, #0]
10000006:	f000 f811 	bl	1000002c <inicializar_seg>
1000000a:	f000 f82f 	bl	1000006c <inicializar_teclas>

1000000e <lazo>:
1000000e:	4c06      	ldr	r4, [pc, #24]	; (10000028 <lazo+0x1a>)
10000010:	6960      	ldr	r0, [r4, #20]
10000012:	f410 5f00 	tst.w	r0, #8192	; 0x2000
10000016:	bf1c      	itt	ne
10000018:	2306      	movne	r3, #6
1000001a:	60a3      	strne	r3, [r4, #8]
1000001c:	e7f7      	b.n	1000000e <lazo>
1000001e:	0000      	.short	0x0000
10000020:	e000ed08 	.word	0xe000ed08
10000024:	10080000 	.word	0x10080000
10000028:	400f6100 	.word	0x400f6100

1000002c <inicializar_seg>:
1000002c:	490c      	ldr	r1, [pc, #48]	; (10000060 <inicializar_seg+0x34>)
1000002e:	f04f 00d0 	mov.w	r0, #208	; 0xd0
10000032:	f8c1 0200 	str.w	r0, [r1, #512]	; 0x200
10000036:	f8c1 0204 	str.w	r0, [r1, #516]	; 0x204
1000003a:	f8c1 0208 	str.w	r0, [r1, #520]	; 0x208
1000003e:	f8c1 020c 	str.w	r0, [r1, #524]	; 0x20c
10000042:	f8c1 0210 	str.w	r0, [r1, #528]	; 0x210
10000046:	f8c1 0214 	str.w	r0, [r1, #532]	; 0x214
1000004a:	f8c1 0218 	str.w	r0, [r1, #536]	; 0x218
1000004e:	4905      	ldr	r1, [pc, #20]	; (10000064 <inicializar_seg+0x38>)
10000050:	207f      	movs	r0, #127	; 0x7f
10000052:	6088      	str	r0, [r1, #8]
10000054:	4904      	ldr	r1, [pc, #16]	; (10000068 <inicializar_seg+0x3c>)
10000056:	6888      	ldr	r0, [r1, #8]
10000058:	f040 007f 	orr.w	r0, r0, #127	; 0x7f
1000005c:	6088      	str	r0, [r1, #8]
1000005e:	4770      	bx	lr
10000060:	40086000 	.word	0x40086000
10000064:	400f6280 	.word	0x400f6280
10000068:	400f6000 	.word	0x400f6000

1000006c <inicializar_teclas>:
1000006c:	490a      	ldr	r1, [pc, #40]	; (10000098 <inicializar_teclas+0x2c>)
1000006e:	f04f 00c4 	mov.w	r0, #196	; 0xc4
10000072:	f8c1 0220 	str.w	r0, [r1, #544]	; 0x220
10000076:	f8c1 0224 	str.w	r0, [r1, #548]	; 0x224
1000007a:	f8c1 0228 	str.w	r0, [r1, #552]	; 0x228
1000007e:	f8c1 031c 	str.w	r0, [r1, #796]	; 0x31c
10000082:	f8c1 0184 	str.w	r0, [r1, #388]	; 0x184
10000086:	f8c1 0188 	str.w	r0, [r1, #392]	; 0x188
1000008a:	4904      	ldr	r1, [pc, #16]	; (1000009c <inicializar_teclas+0x30>)
1000008c:	6948      	ldr	r0, [r1, #20]
1000008e:	f420 4070 	bic.w	r0, r0, #61440	; 0xf000
10000092:	6148      	str	r0, [r1, #20]
10000094:	4770      	bx	lr
10000096:	0000      	.short	0x0000
10000098:	40086000 	.word	0x40086000
1000009c:	400f6000 	.word	0x400f6000

100000a0 <handler>:
100000a0:	4801      	ldr	r0, [pc, #4]	; (100000a8 <handler+0x8>)
100000a2:	4780      	blx	r0
100000a4:	e7fc      	b.n	100000a0 <handler>
100000a6:	0000      	.short	0x0000
100000a8:	1a0001fd 	.word	0x1a0001fd

100000ac <tabla>:
100000ac:	4f5b063f 	.word	0x4f5b063f
100000b0:	077d6d66 	.word	0x077d6d66
100000b4:	677f      	.short	0x677f
100000b6:	bf00      	nop

Disassembly of section .text.data:

10080000 <variables-0x100>:
10080000:	10088000 	.word	0x10088000
10080004:	10000001 	.word	0x10000001
10080008:	100000a1 	.word	0x100000a1
1008000c:	100000a1 	.word	0x100000a1
10080010:	100000a1 	.word	0x100000a1
10080014:	100000a1 	.word	0x100000a1
10080018:	100000a1 	.word	0x100000a1
	...
1008002c:	100000a1 	.word	0x100000a1
	...
10080038:	100000a1 	.word	0x100000a1
1008003c:	100000a1 	.word	0x100000a1
10080040:	100000a1 	.word	0x100000a1
10080044:	100000a1 	.word	0x100000a1
10080048:	100000a1 	.word	0x100000a1
1008004c:	00000000 	.word	0x00000000
10080050:	100000a1 	.word	0x100000a1
10080054:	100000a1 	.word	0x100000a1
10080058:	100000a1 	.word	0x100000a1
1008005c:	100000a1 	.word	0x100000a1
10080060:	100000a1 	.word	0x100000a1
10080064:	100000a1 	.word	0x100000a1
10080068:	100000a1 	.word	0x100000a1
1008006c:	100000a1 	.word	0x100000a1
10080070:	100000a1 	.word	0x100000a1
10080074:	100000a1 	.word	0x100000a1
10080078:	100000a1 	.word	0x100000a1
1008007c:	100000a1 	.word	0x100000a1
10080080:	100000a1 	.word	0x100000a1
10080084:	100000a1 	.word	0x100000a1
10080088:	100000a1 	.word	0x100000a1
1008008c:	100000a1 	.word	0x100000a1
10080090:	100000a1 	.word	0x100000a1
10080094:	100000a1 	.word	0x100000a1
10080098:	100000a1 	.word	0x100000a1
1008009c:	100000a1 	.word	0x100000a1
100800a0:	100000a1 	.word	0x100000a1
100800a4:	100000a1 	.word	0x100000a1
100800a8:	100000a1 	.word	0x100000a1
100800ac:	100000a1 	.word	0x100000a1
100800b0:	100000a1 	.word	0x100000a1
100800b4:	100000a1 	.word	0x100000a1
100800b8:	100000a1 	.word	0x100000a1
100800bc:	100000a1 	.word	0x100000a1
100800c0:	100000a1 	.word	0x100000a1
100800c4:	100000a1 	.word	0x100000a1
100800c8:	100000a1 	.word	0x100000a1
100800cc:	100000a1 	.word	0x100000a1
100800d0:	100000a1 	.word	0x100000a1
100800d4:	100000a1 	.word	0x100000a1
100800d8:	100000a1 	.word	0x100000a1
100800dc:	100000a1 	.word	0x100000a1
100800e0:	100000a1 	.word	0x100000a1
100800e4:	100000a1 	.word	0x100000a1
100800e8:	ffffffff 	.word	0xffffffff
100800ec:	ffffffff 	.word	0xffffffff
100800f0:	ffffffff 	.word	0xffffffff
100800f4:	ffffffff 	.word	0xffffffff
100800f8:	ffffffff 	.word	0xffffffff
100800fc:	ffffffff 	.word	0xffffffff
